<?xml version="1.0" encoding="UTF-8"?>
<!-- Generated by org.testng.reporters.JUnitReportReporter -->
<testsuite skipped="0" hostname="LTIN135783" name="testRunner.TestRunner" tests="1" failures="0" timestamp="2020-05-22T15:42:33 IST" time="64.921" errors="0">
  <testcase name="feature" time="64.921" classname="testRunner.TestRunner"/>
</testsuite> <!-- testRunner.TestRunner -->
